<?xml version="1.0" encoding="UTF-8"?>
<testng-results ignored="0" total="1" passed="1" failed="0" skipped="0">
  <reporter-output>
  </reporter-output>
  <suite started-at="2019-09-20T06:46:07 IST" name="Default suite" finished-at="2019-09-20T06:46:16 IST" duration-ms="9378">
    <groups>
    </groups>
    <test started-at="2019-09-20T06:46:07 IST" name="Default test" finished-at="2019-09-20T06:46:16 IST" duration-ms="9378">
      <class name="TestNG.NewTest">
        <test-method is-config="true" signature="beforeTest()[pri:0, instance:TestNG.NewTest@23986957]" started-at="2019-09-20T06:46:07 IST" name="beforeTest" finished-at="2019-09-20T06:46:11 IST" duration-ms="4495" status="PASS">
          <reporter-output>
          </reporter-output>
        </test-method> <!-- beforeTest -->
        <test-method signature="f()[pri:0, instance:TestNG.NewTest@23986957]" started-at="2019-09-20T06:46:11 IST" name="f" finished-at="2019-09-20T06:46:15 IST" duration-ms="3342" status="PASS">
          <reporter-output>
          </reporter-output>
        </test-method> <!-- f -->
        <test-method is-config="true" signature="afterTest()[pri:0, instance:TestNG.NewTest@23986957]" started-at="2019-09-20T06:46:15 IST" name="afterTest" finished-at="2019-09-20T06:46:16 IST" duration-ms="1478" status="PASS">
          <reporter-output>
          </reporter-output>
        </test-method> <!-- afterTest -->
      </class> <!-- TestNG.NewTest -->
    </test> <!-- Default test -->
  </suite> <!-- Default suite -->
</testng-results>
